Traceback (most recent call last):
  File "/home/mmann1123/miniconda3/envs/pygis2/lib/python3.10/site-packages/jupyter_cache/executors/utils.py", line 51, in single_nb_execution
    executenb(
  File "/home/mmann1123/miniconda3/envs/pygis2/lib/python3.10/site-packages/nbclient/client.py", line 1204, in execute
    return NotebookClient(nb=nb, resources=resources, km=km, **kwargs).execute()
  File "/home/mmann1123/miniconda3/envs/pygis2/lib/python3.10/site-packages/nbclient/util.py", line 84, in wrapped
    return just_run(coro(*args, **kwargs))
  File "/home/mmann1123/miniconda3/envs/pygis2/lib/python3.10/site-packages/nbclient/util.py", line 62, in just_run
    return loop.run_until_complete(coro)
  File "/home/mmann1123/miniconda3/envs/pygis2/lib/python3.10/asyncio/base_events.py", line 649, in run_until_complete
    return future.result()
  File "/home/mmann1123/miniconda3/envs/pygis2/lib/python3.10/site-packages/nbclient/client.py", line 663, in async_execute
    await self.async_execute_cell(
  File "/home/mmann1123/miniconda3/envs/pygis2/lib/python3.10/site-packages/nbclient/client.py", line 965, in async_execute_cell
    await self._check_raise_for_error(cell, cell_index, exec_reply)
  File "/home/mmann1123/miniconda3/envs/pygis2/lib/python3.10/site-packages/nbclient/client.py", line 862, in _check_raise_for_error
    raise CellExecutionError.from_cell_and_msg(cell, exec_reply_content)
nbclient.exceptions.CellExecutionError: An error occurred while executing the following cell:
------------------
%matplotlib inline
------------------

[0;31m---------------------------------------------------------------------------[0m
[0;31mImportError[0m                               Traceback (most recent call last)
Cell [0;32mIn[1], line 1[0m
[0;32m----> 1[0m [43mget_ipython[49m[43m([49m[43m)[49m[38;5;241;43m.[39;49m[43mrun_line_magic[49m[43m([49m[38;5;124;43m'[39;49m[38;5;124;43mmatplotlib[39;49m[38;5;124;43m'[39;49m[43m,[49m[43m [49m[38;5;124;43m'[39;49m[38;5;124;43minline[39;49m[38;5;124;43m'[39;49m[43m)[49m

File [0;32m~/.local/lib/python3.10/site-packages/IPython/core/interactiveshell.py:2369[0m, in [0;36mInteractiveShell.run_line_magic[0;34m(self, magic_name, line, _stack_depth)[0m
[1;32m   2367[0m     kwargs[[38;5;124m'[39m[38;5;124mlocal_ns[39m[38;5;124m'[39m] [38;5;241m=[39m [38;5;28mself[39m[38;5;241m.[39mget_local_scope(stack_depth)
[1;32m   2368[0m [38;5;28;01mwith[39;00m [38;5;28mself[39m[38;5;241m.[39mbuiltin_trap:
[0;32m-> 2369[0m     result [38;5;241m=[39m [43mfn[49m[43m([49m[38;5;241;43m*[39;49m[43margs[49m[43m,[49m[43m [49m[38;5;241;43m*[39;49m[38;5;241;43m*[39;49m[43mkwargs[49m[43m)[49m
[1;32m   2371[0m [38;5;66;03m# The code below prevents the output from being displayed[39;00m
[1;32m   2372[0m [38;5;66;03m# when using magics with decodator @output_can_be_silenced[39;00m
[1;32m   2373[0m [38;5;66;03m# when the last Python token in the expression is a ';'.[39;00m
[1;32m   2374[0m [38;5;28;01mif[39;00m [38;5;28mgetattr[39m(fn, magic[38;5;241m.[39mMAGIC_OUTPUT_CAN_BE_SILENCED, [38;5;28;01mFalse[39;00m):

File [0;32m~/.local/lib/python3.10/site-packages/IPython/core/magics/pylab.py:99[0m, in [0;36mPylabMagics.matplotlib[0;34m(self, line)[0m
[1;32m     97[0m     [38;5;28mprint[39m([38;5;124m"[39m[38;5;124mAvailable matplotlib backends: [39m[38;5;132;01m%s[39;00m[38;5;124m"[39m [38;5;241m%[39m backends_list)
[1;32m     98[0m [38;5;28;01melse[39;00m:
[0;32m---> 99[0m     gui, backend [38;5;241m=[39m [38;5;28;43mself[39;49m[38;5;241;43m.[39;49m[43mshell[49m[38;5;241;43m.[39;49m[43menable_matplotlib[49m[43m([49m[43margs[49m[38;5;241;43m.[39;49m[43mgui[49m[38;5;241;43m.[39;49m[43mlower[49m[43m([49m[43m)[49m[43m [49m[38;5;28;43;01mif[39;49;00m[43m [49m[38;5;28;43misinstance[39;49m[43m([49m[43margs[49m[38;5;241;43m.[39;49m[43mgui[49m[43m,[49m[43m [49m[38;5;28;43mstr[39;49m[43m)[49m[43m [49m[38;5;28;43;01melse[39;49;00m[43m [49m[43margs[49m[38;5;241;43m.[39;49m[43mgui[49m[43m)[49m
[1;32m    100[0m     [38;5;28mself[39m[38;5;241m.[39m_show_matplotlib_backend(args[38;5;241m.[39mgui, backend)

File [0;32m~/.local/lib/python3.10/site-packages/IPython/core/interactiveshell.py:3540[0m, in [0;36mInteractiveShell.enable_matplotlib[0;34m(self, gui)[0m
[1;32m   3519[0m [38;5;28;01mdef[39;00m [38;5;21menable_matplotlib[39m([38;5;28mself[39m, gui[38;5;241m=[39m[38;5;28;01mNone[39;00m):
[1;32m   3520[0m [38;5;250m    [39m[38;5;124;03m"""Enable interactive matplotlib and inline figure support.[39;00m
[1;32m   3521[0m 
[1;32m   3522[0m [38;5;124;03m    This takes the following steps:[39;00m
[0;32m   (...)[0m
[1;32m   3538[0m [38;5;124;03m        display figures inline.[39;00m
[1;32m   3539[0m [38;5;124;03m    """[39;00m
[0;32m-> 3540[0m     [38;5;28;01mfrom[39;00m [38;5;21;01mmatplotlib_inline[39;00m[38;5;21;01m.[39;00m[38;5;21;01mbackend_inline[39;00m [38;5;28;01mimport[39;00m configure_inline_support
[1;32m   3542[0m     [38;5;28;01mfrom[39;00m [38;5;21;01mIPython[39;00m[38;5;21;01m.[39;00m[38;5;21;01mcore[39;00m [38;5;28;01mimport[39;00m pylabtools [38;5;28;01mas[39;00m pt
[1;32m   3543[0m     gui, backend [38;5;241m=[39m pt[38;5;241m.[39mfind_gui_and_backend(gui, [38;5;28mself[39m[38;5;241m.[39mpylab_gui_select)

File [0;32m~/.local/lib/python3.10/site-packages/matplotlib_inline/__init__.py:1[0m
[0;32m----> 1[0m [38;5;28;01mfrom[39;00m [38;5;21;01m.[39;00m [38;5;28;01mimport[39;00m backend_inline, config  [38;5;66;03m# noqa[39;00m
[1;32m      2[0m __version__ [38;5;241m=[39m [38;5;124m"[39m[38;5;124m0.1.6[39m[38;5;124m"[39m  [38;5;66;03m# noqa[39;00m

File [0;32m~/.local/lib/python3.10/site-packages/matplotlib_inline/backend_inline.py:6[0m
[1;32m      1[0m [38;5;124;03m"""A matplotlib backend for publishing figures via display_data"""[39;00m
[1;32m      3[0m [38;5;66;03m# Copyright (c) IPython Development Team.[39;00m
[1;32m      4[0m [38;5;66;03m# Distributed under the terms of the BSD 3-Clause License.[39;00m
[0;32m----> 6[0m [38;5;28;01mimport[39;00m [38;5;21;01mmatplotlib[39;00m
[1;32m      7[0m [38;5;28;01mfrom[39;00m [38;5;21;01mmatplotlib[39;00m [38;5;28;01mimport[39;00m colors
[1;32m      8[0m [38;5;28;01mfrom[39;00m [38;5;21;01mmatplotlib[39;00m[38;5;21;01m.[39;00m[38;5;21;01mbackends[39;00m [38;5;28;01mimport[39;00m backend_agg

File [0;32m~/miniconda3/envs/pygis2/lib/python3.10/site-packages/matplotlib/__init__.py:131[0m
[1;32m    127[0m [38;5;28;01mfrom[39;00m [38;5;21;01mpackaging[39;00m[38;5;21;01m.[39;00m[38;5;21;01mversion[39;00m [38;5;28;01mimport[39;00m parse [38;5;28;01mas[39;00m parse_version
[1;32m    129[0m [38;5;66;03m# cbook must import matplotlib only within function[39;00m
[1;32m    130[0m [38;5;66;03m# definitions, so it is safe to import from it here.[39;00m
[0;32m--> 131[0m [38;5;28;01mfrom[39;00m [38;5;21;01m.[39;00m [38;5;28;01mimport[39;00m _api, _version, cbook, _docstring, rcsetup
[1;32m    132[0m [38;5;28;01mfrom[39;00m [38;5;21;01mmatplotlib[39;00m[38;5;21;01m.[39;00m[38;5;21;01mcbook[39;00m [38;5;28;01mimport[39;00m sanitize_sequence
[1;32m    133[0m [38;5;28;01mfrom[39;00m [38;5;21;01mmatplotlib[39;00m[38;5;21;01m.[39;00m[38;5;21;01m_api[39;00m [38;5;28;01mimport[39;00m MatplotlibDeprecationWarning

File [0;32m~/miniconda3/envs/pygis2/lib/python3.10/site-packages/matplotlib/rcsetup.py:27[0m
[1;32m     25[0m [38;5;28;01mfrom[39;00m [38;5;21;01mmatplotlib[39;00m [38;5;28;01mimport[39;00m _api, cbook
[1;32m     26[0m [38;5;28;01mfrom[39;00m [38;5;21;01mmatplotlib[39;00m[38;5;21;01m.[39;00m[38;5;21;01mcbook[39;00m [38;5;28;01mimport[39;00m ls_mapper
[0;32m---> 27[0m [38;5;28;01mfrom[39;00m [38;5;21;01mmatplotlib[39;00m[38;5;21;01m.[39;00m[38;5;21;01mcolors[39;00m [38;5;28;01mimport[39;00m Colormap, is_color_like
[1;32m     28[0m [38;5;28;01mfrom[39;00m [38;5;21;01mmatplotlib[39;00m[38;5;21;01m.[39;00m[38;5;21;01m_fontconfig_pattern[39;00m [38;5;28;01mimport[39;00m parse_fontconfig_pattern
[1;32m     29[0m [38;5;28;01mfrom[39;00m [38;5;21;01mmatplotlib[39;00m[38;5;21;01m.[39;00m[38;5;21;01m_enums[39;00m [38;5;28;01mimport[39;00m JoinStyle, CapStyle

File [0;32m~/miniconda3/envs/pygis2/lib/python3.10/site-packages/matplotlib/colors.py:56[0m
[1;32m     54[0m [38;5;28;01mimport[39;00m [38;5;21;01mmatplotlib[39;00m [38;5;28;01mas[39;00m [38;5;21;01mmpl[39;00m
[1;32m     55[0m [38;5;28;01mimport[39;00m [38;5;21;01mnumpy[39;00m [38;5;28;01mas[39;00m [38;5;21;01mnp[39;00m
[0;32m---> 56[0m [38;5;28;01mfrom[39;00m [38;5;21;01mmatplotlib[39;00m [38;5;28;01mimport[39;00m _api, _cm, cbook, scale
[1;32m     57[0m [38;5;28;01mfrom[39;00m [38;5;21;01m.[39;00m[38;5;21;01m_color_data[39;00m [38;5;28;01mimport[39;00m BASE_COLORS, TABLEAU_COLORS, CSS4_COLORS, XKCD_COLORS
[1;32m     60[0m [38;5;28;01mclass[39;00m [38;5;21;01m_ColorMapping[39;00m([38;5;28mdict[39m):

File [0;32m~/miniconda3/envs/pygis2/lib/python3.10/site-packages/matplotlib/scale.py:22[0m
[1;32m     20[0m [38;5;28;01mimport[39;00m [38;5;21;01mmatplotlib[39;00m [38;5;28;01mas[39;00m [38;5;21;01mmpl[39;00m
[1;32m     21[0m [38;5;28;01mfrom[39;00m [38;5;21;01mmatplotlib[39;00m [38;5;28;01mimport[39;00m _api, _docstring
[0;32m---> 22[0m [38;5;28;01mfrom[39;00m [38;5;21;01mmatplotlib[39;00m[38;5;21;01m.[39;00m[38;5;21;01mticker[39;00m [38;5;28;01mimport[39;00m (
[1;32m     23[0m     NullFormatter, ScalarFormatter, LogFormatterSciNotation, LogitFormatter,
[1;32m     24[0m     NullLocator, LogLocator, AutoLocator, AutoMinorLocator,
[1;32m     25[0m     SymmetricalLogLocator, AsinhLocator, LogitLocator)
[1;32m     26[0m [38;5;28;01mfrom[39;00m [38;5;21;01mmatplotlib[39;00m[38;5;21;01m.[39;00m[38;5;21;01mtransforms[39;00m [38;5;28;01mimport[39;00m Transform, IdentityTransform
[1;32m     29[0m [38;5;28;01mclass[39;00m [38;5;21;01mScaleBase[39;00m:

File [0;32m~/miniconda3/envs/pygis2/lib/python3.10/site-packages/matplotlib/ticker.py:138[0m
[1;32m    136[0m [38;5;28;01mimport[39;00m [38;5;21;01mmatplotlib[39;00m [38;5;28;01mas[39;00m [38;5;21;01mmpl[39;00m
[1;32m    137[0m [38;5;28;01mfrom[39;00m [38;5;21;01mmatplotlib[39;00m [38;5;28;01mimport[39;00m _api, cbook
[0;32m--> 138[0m [38;5;28;01mfrom[39;00m [38;5;21;01mmatplotlib[39;00m [38;5;28;01mimport[39;00m transforms [38;5;28;01mas[39;00m mtransforms
[1;32m    140[0m _log [38;5;241m=[39m logging[38;5;241m.[39mgetLogger([38;5;18m__name__[39m)
[1;32m    142[0m __all__ [38;5;241m=[39m ([38;5;124m'[39m[38;5;124mTickHelper[39m[38;5;124m'[39m, [38;5;124m'[39m[38;5;124mFormatter[39m[38;5;124m'[39m, [38;5;124m'[39m[38;5;124mFixedFormatter[39m[38;5;124m'[39m,
[1;32m    143[0m            [38;5;124m'[39m[38;5;124mNullFormatter[39m[38;5;124m'[39m, [38;5;124m'[39m[38;5;124mFuncFormatter[39m[38;5;124m'[39m, [38;5;124m'[39m[38;5;124mFormatStrFormatter[39m[38;5;124m'[39m,
[1;32m    144[0m            [38;5;124m'[39m[38;5;124mStrMethodFormatter[39m[38;5;124m'[39m, [38;5;124m'[39m[38;5;124mScalarFormatter[39m[38;5;124m'[39m, [38;5;124m'[39m[38;5;124mLogFormatter[39m[38;5;124m'[39m,
[0;32m   (...)[0m
[1;32m    150[0m            [38;5;124m'[39m[38;5;124mMultipleLocator[39m[38;5;124m'[39m, [38;5;124m'[39m[38;5;124mMaxNLocator[39m[38;5;124m'[39m, [38;5;124m'[39m[38;5;124mAutoMinorLocator[39m[38;5;124m'[39m,
[1;32m    151[0m            [38;5;124m'[39m[38;5;124mSymmetricalLogLocator[39m[38;5;124m'[39m, [38;5;124m'[39m[38;5;124mAsinhLocator[39m[38;5;124m'[39m, [38;5;124m'[39m[38;5;124mLogitLocator[39m[38;5;124m'[39m)

File [0;32m~/miniconda3/envs/pygis2/lib/python3.10/site-packages/matplotlib/transforms.py:49[0m
[1;32m     46[0m [38;5;28;01mfrom[39;00m [38;5;21;01mnumpy[39;00m[38;5;21;01m.[39;00m[38;5;21;01mlinalg[39;00m [38;5;28;01mimport[39;00m inv
[1;32m     48[0m [38;5;28;01mfrom[39;00m [38;5;21;01mmatplotlib[39;00m [38;5;28;01mimport[39;00m _api
[0;32m---> 49[0m [38;5;28;01mfrom[39;00m [38;5;21;01mmatplotlib[39;00m[38;5;21;01m.[39;00m[38;5;21;01m_path[39;00m [38;5;28;01mimport[39;00m (
[1;32m     50[0m     affine_transform, count_bboxes_overlapping_bbox, update_path_extents)
[1;32m     51[0m [38;5;28;01mfrom[39;00m [38;5;21;01m.[39;00m[38;5;21;01mpath[39;00m [38;5;28;01mimport[39;00m Path
[1;32m     53[0m DEBUG [38;5;241m=[39m [38;5;28;01mFalse[39;00m

[0;31mImportError[0m: numpy.core.multiarray failed to import
ImportError: numpy.core.multiarray failed to import

