Traceback (most recent call last):
  File "/mnt/space/miniconda3/envs/pygisbook/lib/python3.9/site-packages/jupyter_cache/executors/utils.py", line 51, in single_nb_execution
    executenb(
  File "/mnt/space/miniconda3/envs/pygisbook/lib/python3.9/site-packages/nbclient/client.py", line 1204, in execute
    return NotebookClient(nb=nb, resources=resources, km=km, **kwargs).execute()
  File "/mnt/space/miniconda3/envs/pygisbook/lib/python3.9/site-packages/nbclient/util.py", line 84, in wrapped
    return just_run(coro(*args, **kwargs))
  File "/mnt/space/miniconda3/envs/pygisbook/lib/python3.9/site-packages/nbclient/util.py", line 62, in just_run
    return loop.run_until_complete(coro)
  File "/mnt/space/miniconda3/envs/pygisbook/lib/python3.9/asyncio/base_events.py", line 647, in run_until_complete
    return future.result()
  File "/mnt/space/miniconda3/envs/pygisbook/lib/python3.9/site-packages/nbclient/client.py", line 663, in async_execute
    await self.async_execute_cell(
  File "/mnt/space/miniconda3/envs/pygisbook/lib/python3.9/site-packages/nbclient/client.py", line 965, in async_execute_cell
    await self._check_raise_for_error(cell, cell_index, exec_reply)
  File "/mnt/space/miniconda3/envs/pygisbook/lib/python3.9/site-packages/nbclient/client.py", line 862, in _check_raise_for_error
    raise CellExecutionError.from_cell_and_msg(cell, exec_reply_content)
nbclient.exceptions.CellExecutionError: An error occurred while executing the following cell:
------------------
# Import modules
import geopandas as gpd
import matplotlib.pyplot as plt
import numpy as np
import pandas as pd
from pykrige.ok import OrdinaryKriging
import rasterio
import rasterio.mask
from rasterio.plot import show
from rasterio.transform import Affine
from scipy.spatial import Voronoi, voronoi_plot_2d
from shapely.geometry import box
from shapely.geometry import Polygon, Point
from sklearn.gaussian_process import GaussianProcessRegressor
from sklearn.metrics import r2_score
from sklearn.model_selection import train_test_split
from sklearn.neighbors import KNeighborsRegressor
------------------

[0;31m---------------------------------------------------------------------------[0m
[0;31mModuleNotFoundError[0m                       Traceback (most recent call last)
Cell [0;32mIn [1], line 6[0m
[1;32m      4[0m [38;5;28;01mimport[39;00m [38;5;21;01mnumpy[39;00m [38;5;28;01mas[39;00m [38;5;21;01mnp[39;00m
[1;32m      5[0m [38;5;28;01mimport[39;00m [38;5;21;01mpandas[39;00m [38;5;28;01mas[39;00m [38;5;21;01mpd[39;00m
[0;32m----> 6[0m [38;5;28;01mfrom[39;00m [38;5;21;01mpykrige[39;00m[38;5;21;01m.[39;00m[38;5;21;01mok[39;00m [38;5;28;01mimport[39;00m OrdinaryKriging
[1;32m      7[0m [38;5;28;01mimport[39;00m [38;5;21;01mrasterio[39;00m
[1;32m      8[0m [38;5;28;01mimport[39;00m [38;5;21;01mrasterio[39;00m[38;5;21;01m.[39;00m[38;5;21;01mmask[39;00m

[0;31mModuleNotFoundError[0m: No module named 'pykrige'
ModuleNotFoundError: No module named 'pykrige'

