Traceback (most recent call last):
  File "/Users/Stevington/anaconda/envs/ThesisOSMNX3-6/lib/python3.6/site-packages/jupyter_cache/executors/utils.py", line 56, in single_nb_execution
    record_timing=False,
  File "/Users/Stevington/anaconda/envs/ThesisOSMNX3-6/lib/python3.6/site-packages/nbclient/client.py", line 1112, in execute
    return NotebookClient(nb=nb, resources=resources, km=km, **kwargs).execute()
  File "/Users/Stevington/anaconda/envs/ThesisOSMNX3-6/lib/python3.6/site-packages/nbclient/util.py", line 74, in wrapped
    return just_run(coro(*args, **kwargs))
  File "/Users/Stevington/anaconda/envs/ThesisOSMNX3-6/lib/python3.6/site-packages/nbclient/util.py", line 53, in just_run
    return loop.run_until_complete(coro)
  File "/Users/Stevington/anaconda/envs/ThesisOSMNX3-6/lib/python3.6/asyncio/base_events.py", line 473, in run_until_complete
    return future.result()
  File "/Users/Stevington/anaconda/envs/ThesisOSMNX3-6/lib/python3.6/site-packages/nbclient/client.py", line 554, in async_execute
    cell, index, execution_count=self.code_cells_executed + 1
  File "/Users/Stevington/anaconda/envs/ThesisOSMNX3-6/lib/python3.6/site-packages/nbclient/client.py", line 857, in async_execute_cell
    self._check_raise_for_error(cell, exec_reply)
  File "/Users/Stevington/anaconda/envs/ThesisOSMNX3-6/lib/python3.6/site-packages/nbclient/client.py", line 760, in _check_raise_for_error
    raise CellExecutionError.from_cell_and_msg(cell, exec_reply_content)
nbclient.exceptions.CellExecutionError: An error occurred while executing the following cell:
------------------
import geowombat as gw
from geowombat.data import l8_224078_20200518

# Zeros are replaced with nans
with gw.open(l8_224078_20200518) as src:
    data = src.where(src != 0)
------------------

[0;31m---------------------------------------------------------------------------[0m
[0;31mModuleNotFoundError[0m                       Traceback (most recent call last)
[0;32m<ipython-input-1-8ff0b063aba7>[0m in [0;36m<module>[0;34m[0m
[0;32m----> 1[0;31m [0;32mimport[0m [0mgeowombat[0m [0;32mas[0m [0mgw[0m[0;34m[0m[0;34m[0m[0m
[0m[1;32m      2[0m [0;32mfrom[0m [0mgeowombat[0m[0;34m.[0m[0mdata[0m [0;32mimport[0m [0ml8_224078_20200518[0m[0;34m[0m[0;34m[0m[0m
[1;32m      3[0m [0;34m[0m[0m
[1;32m      4[0m [0;31m# Zeros are replaced with nans[0m[0;34m[0m[0;34m[0m[0;34m[0m[0m
[1;32m      5[0m [0;32mwith[0m [0mgw[0m[0;34m.[0m[0mopen[0m[0;34m([0m[0ml8_224078_20200518[0m[0;34m)[0m [0;32mas[0m [0msrc[0m[0;34m:[0m[0;34m[0m[0;34m[0m[0m

[0;31mModuleNotFoundError[0m: No module named 'geowombat'
ModuleNotFoundError: No module named 'geowombat'

