Traceback (most recent call last):
  File "/home/mmann1123/miniconda3/envs/pygis/lib/python3.11/site-packages/jupyter_core/utils/__init__.py", line 154, in wrapped
    asyncio.get_running_loop()
RuntimeError: no running event loop

During handling of the above exception, another exception occurred:

Traceback (most recent call last):
  File "/home/mmann1123/miniconda3/envs/pygis/lib/python3.11/site-packages/jupyter_cache/executors/utils.py", line 58, in single_nb_execution
    executenb(
  File "/home/mmann1123/miniconda3/envs/pygis/lib/python3.11/site-packages/nbclient/client.py", line 1319, in execute
    return NotebookClient(nb=nb, resources=resources, km=km, **kwargs).execute()
           ^^^^^^^^^^^^^^^^^^^^^^^^^^^^^^^^^^^^^^^^^^^^^^^^^^^^^^^^^^^^^^^^^^^^^
  File "/home/mmann1123/miniconda3/envs/pygis/lib/python3.11/site-packages/jupyter_core/utils/__init__.py", line 158, in wrapped
    return loop.run_until_complete(inner)
           ^^^^^^^^^^^^^^^^^^^^^^^^^^^^^^
  File "/home/mmann1123/miniconda3/envs/pygis/lib/python3.11/asyncio/base_events.py", line 653, in run_until_complete
    return future.result()
           ^^^^^^^^^^^^^^^
  File "/home/mmann1123/miniconda3/envs/pygis/lib/python3.11/site-packages/nbclient/client.py", line 709, in async_execute
    await self.async_execute_cell(
  File "/home/mmann1123/miniconda3/envs/pygis/lib/python3.11/site-packages/nbclient/client.py", line 1062, in async_execute_cell
    await self._check_raise_for_error(cell, cell_index, exec_reply)
  File "/home/mmann1123/miniconda3/envs/pygis/lib/python3.11/site-packages/nbclient/client.py", line 918, in _check_raise_for_error
    raise CellExecutionError.from_cell_and_msg(cell, exec_reply_content)
nbclient.exceptions.CellExecutionError: An error occurred while executing the following cell:
------------------
cbsa_bachelors = tc.get_acs(
    geography="cbsa",
    variables="DP02_0068P",
    year=2019,
    show_call=True
)
------------------

----- stdout -----
Getting data from the 2015-2019 5-year ACS
Census API call: https://api.census.gov/data/2019/acs/acs5?get=DP02_0068PE%2CDP02_0068PM%2CNAME&key=983980b9fc504149e82117c949d7ed44653dc507&for=metropolitan+statistical+area%2Fmicropolitan+statistical+area%3A%2A
------------------

[31m---------------------------------------------------------------------------[39m
[31mHTTPError[39m                                 Traceback (most recent call last)
[36mFile [39m[32m~/Documents/github/pytidycensus/pytidycensus/api.py:141[39m, in [36mCensusAPI.get[39m[34m(self, year, dataset, variables, geography, survey, show_call)[39m
[32m    140[39m response = [38;5;28mself[39m.session.get(url, params=params, timeout=[32m30[39m)
[32m--> [39m[32m141[39m [43mresponse[49m[43m.[49m[43mraise_for_status[49m[43m([49m[43m)[49m
[32m    143[39m [38;5;28;01mtry[39;00m:

[36mFile [39m[32m~/miniconda3/envs/pygis/lib/python3.11/site-packages/requests/models.py:1024[39m, in [36mResponse.raise_for_status[39m[34m(self)[39m
[32m   1023[39m [38;5;28;01mif[39;00m http_error_msg:
[32m-> [39m[32m1024[39m     [38;5;28;01mraise[39;00m HTTPError(http_error_msg, response=[38;5;28mself[39m)

[31mHTTPError[39m: 400 Client Error:  for url: https://api.census.gov/data/2019/acs/acs5?get=DP02_0068PE%2CDP02_0068PM%2CNAME&key=983980b9fc504149e82117c949d7ed44653dc507&for=metropolitan+statistical+area%2Fmicropolitan+statistical+area%3A%2A

During handling of the above exception, another exception occurred:

[31mRequestException[39m                          Traceback (most recent call last)
[36mFile [39m[32m~/Documents/github/pytidycensus/pytidycensus/acs.py:303[39m, in [36mget_acs[39m[34m(geography, variables, table, cache_table, year, survey, state, county, zcta, output, geometry, keep_geo_vars, shift_geo, summary_var, moe_level, api_key, show_call, **kwargs)[39m
[32m    301[39m [38;5;28;01mif[39;00m [38;5;28mlen[39m(all_variables) <= MAX_VARIABLES_PER_REQUEST:
[32m    302[39m     [38;5;66;03m# Single API request for small variable lists[39;00m
[32m--> [39m[32m303[39m     data = [43mapi[49m[43m.[49m[43mget[49m[43m([49m
[32m    304[39m [43m        [49m[43myear[49m[43m=[49m[43myear[49m[43m,[49m
[32m    305[39m [43m        [49m[43mdataset[49m[43m=[49m[33;43m"[39;49m[33;43macs[39;49m[33;43m"[39;49m[43m,[49m
[32m    306[39m [43m        [49m[43mvariables[49m[43m=[49m[43mall_variables[49m[43m,[49m
[32m    307[39m [43m        [49m[43mgeography[49m[43m=[49m[43mgeo_params[49m[43m,[49m
[32m    308[39m [43m        [49m[43msurvey[49m[43m=[49m[43msurvey[49m[43m,[49m
[32m    309[39m [43m        [49m[43mshow_call[49m[43m=[49m[43mshow_call[49m[43m,[49m
[32m    310[39m [43m    [49m[43m)[49m
[32m    312[39m     [38;5;66;03m# Filter variables to only those present in the data[39;00m

[36mFile [39m[32m~/Documents/github/pytidycensus/pytidycensus/api.py:166[39m, in [36mCensusAPI.get[39m[34m(self, year, dataset, variables, geography, survey, show_call)[39m
[32m    165[39m [38;5;28;01mexcept[39;00m requests.RequestException [38;5;28;01mas[39;00m e:
[32m--> [39m[32m166[39m     [38;5;28;01mraise[39;00m requests.RequestException(
[32m    167[39m         [33mf[39m[33m"""[39m
[32m    168[39m [33m        Failed to fetch data from Census API  [39m
[32m    169[39m [33m        =======================================[39m
[32m    170[39m [33m        Please make sure you get a valid API key set[39m
[32m    171[39m [33m        ========================================[39m
[32m    172[39m [33m        [39m[38;5;132;01m{[39;00me[38;5;132;01m}[39;00m
[32m    173[39m [33m        [39m[33m"""[39m
[32m    174[39m     )

[31mRequestException[39m: 
                Failed to fetch data from Census API  
                =======================================
                Please make sure you get a valid API key set
                ========================================
                400 Client Error:  for url: https://api.census.gov/data/2019/acs/acs5?get=DP02_0068PE%2CDP02_0068PM%2CNAME&key=983980b9fc504149e82117c949d7ed44653dc507&for=metropolitan+statistical+area%2Fmicropolitan+statistical+area%3A%2A
                

During handling of the above exception, another exception occurred:

[31mException[39m                                 Traceback (most recent call last)
[36mCell[39m[36m [39m[32mIn[20][39m[32m, line 1[39m
[32m----> [39m[32m1[39m cbsa_bachelors = [43mtc[49m[43m.[49m[43mget_acs[49m[43m([49m
[32m      2[39m [43m    [49m[43mgeography[49m[43m=[49m[33;43m"[39;49m[33;43mcbsa[39;49m[33;43m"[39;49m[43m,[49m
[32m      3[39m [43m    [49m[43mvariables[49m[43m=[49m[33;43m"[39;49m[33;43mDP02_0068P[39;49m[33;43m"[39;49m[43m,[49m
[32m      4[39m [43m    [49m[43myear[49m[43m=[49m[32;43m2019[39;49m[43m,[49m
[32m      5[39m [43m    [49m[43mshow_call[49m[43m=[49m[38;5;28;43;01mTrue[39;49;00m
[32m      6[39m [43m)[49m

[36mFile [39m[32m~/Documents/github/pytidycensus/pytidycensus/acs.py:538[39m, in [36mget_acs[39m[34m(geography, variables, table, cache_table, year, survey, state, county, zcta, output, geometry, keep_geo_vars, shift_geo, summary_var, moe_level, api_key, show_call, **kwargs)[39m
[32m    535[39m     [38;5;28;01mreturn[39;00m df
[32m    537[39m [38;5;28;01mexcept[39;00m [38;5;167;01mException[39;00m [38;5;28;01mas[39;00m e:
[32m--> [39m[32m538[39m     [38;5;28;01mraise[39;00m [38;5;167;01mException[39;00m([33mf[39m[33m"[39m[33mFailed to retrieve ACS data: [39m[38;5;132;01m{[39;00m[38;5;28mstr[39m(e)[38;5;132;01m}[39;00m[33m"[39m)

[31mException[39m: Failed to retrieve ACS data: 
                Failed to fetch data from Census API  
                =======================================
                Please make sure you get a valid API key set
                ========================================
                400 Client Error:  for url: https://api.census.gov/data/2019/acs/acs5?get=DP02_0068PE%2CDP02_0068PM%2CNAME&key=983980b9fc504149e82117c949d7ed44653dc507&for=metropolitan+statistical+area%2Fmicropolitan+statistical+area%3A%2A
                

