Traceback (most recent call last):
  File "/home/mmann1123/miniconda3/envs/pygis/lib/python3.11/site-packages/jupyter_core/utils/__init__.py", line 154, in wrapped
    asyncio.get_running_loop()
RuntimeError: no running event loop

During handling of the above exception, another exception occurred:

Traceback (most recent call last):
  File "/home/mmann1123/miniconda3/envs/pygis/lib/python3.11/site-packages/jupyter_cache/executors/utils.py", line 58, in single_nb_execution
    executenb(
  File "/home/mmann1123/miniconda3/envs/pygis/lib/python3.11/site-packages/nbclient/client.py", line 1319, in execute
    return NotebookClient(nb=nb, resources=resources, km=km, **kwargs).execute()
           ^^^^^^^^^^^^^^^^^^^^^^^^^^^^^^^^^^^^^^^^^^^^^^^^^^^^^^^^^^^^^^^^^^^^^
  File "/home/mmann1123/miniconda3/envs/pygis/lib/python3.11/site-packages/jupyter_core/utils/__init__.py", line 158, in wrapped
    return loop.run_until_complete(inner)
           ^^^^^^^^^^^^^^^^^^^^^^^^^^^^^^
  File "/home/mmann1123/miniconda3/envs/pygis/lib/python3.11/asyncio/base_events.py", line 653, in run_until_complete
    return future.result()
           ^^^^^^^^^^^^^^^
  File "/home/mmann1123/miniconda3/envs/pygis/lib/python3.11/site-packages/nbclient/client.py", line 709, in async_execute
    await self.async_execute_cell(
  File "/home/mmann1123/miniconda3/envs/pygis/lib/python3.11/site-packages/nbclient/client.py", line 1062, in async_execute_cell
    await self._check_raise_for_error(cell, cell_index, exec_reply)
  File "/home/mmann1123/miniconda3/envs/pygis/lib/python3.11/site-packages/nbclient/client.py", line 918, in _check_raise_for_error
    raise CellExecutionError.from_cell_and_msg(cell, exec_reply_content)
nbclient.exceptions.CellExecutionError: An error occurred while executing the following cell:
------------------
# Set API key for pytidycensus
tc.set_census_api_key("CENSUS API KEY HERE")
------------------


[31m---------------------------------------------------------------------------[39m
[31mValueError[39m                                Traceback (most recent call last)
[36mCell[39m[36m [39m[32mIn[2][39m[32m, line 2[39m
[32m      1[39m [38;5;66;03m# Set API key for pytidycensus[39;00m
[32m----> [39m[32m2[39m [43mtc[49m[43m.[49m[43mset_census_api_key[49m[43m([49m[33;43m"[39;49m[33;43mCENSUS API KEY HERE[39;49m[33;43m"[39;49m[43m)[49m

[36mFile [39m[32m~/Documents/github/pytidycensus/pytidycensus/api.py:266[39m, in [36mset_census_api_key[39m[34m(api_key)[39m
[32m    263[39m     [38;5;28;01mraise[39;00m [38;5;167;01mValueError[39;00m([33m"[39m[33mCensus API key must be a string[39m[33m"[39m)
[32m    265[39m [38;5;28;01mif[39;00m [38;5;28mlen[39m(api_key) != [32m40[39m:
[32m--> [39m[32m266[39m     [38;5;28;01mraise[39;00m [38;5;167;01mValueError[39;00m([33m"[39m[33mCensus API key must be exactly 40 characters long[39m[33m"[39m)
[32m    268[39m os.environ[[33m"[39m[33mCENSUS_API_KEY[39m[33m"[39m] = api_key
[32m    269[39m [38;5;28mprint[39m([33m"[39m[33mCensus API key has been set for this session.[39m[33m"[39m)

[31mValueError[39m: Census API key must be exactly 40 characters long

